Arguments: 
  C:\Program Files\nodejs\node.exe C:\Program Files (x86)\Yarn\bin\yarn.js init

PATH: 
  C:\Users\Chase\bin;C:\Program Files\Git\mingw64\bin;C:\Program Files\Git\usr\local\bin;C:\Program Files\Git\usr\bin;C:\Program Files\Git\usr\bin;C:\Program Files\Git\cmd;C:\Program Files\Git\usr\bin;C:\Program Files\ConEmu\ConEmu\Scripts;C:\Program Files\ConEmu;C:\Program Files\ConEmu\ConEmu;C:\ProgramData\DockerDesktop\version-bin;C:\Program Files\Docker\Docker\Resources\bin;C:\Program Files (x86)\Common Files\Oracle\Java\javapath;C:\Program Files\Microsoft MPI\Bin;C:\Windows\system32;C:\Windows;C:\Windows\System32\Wbem;C:\Windows\System32\WindowsPowerShell\v1.0;C:\Windows\System32\OpenSSH;C:\Program Files\NVIDIA Corporation\NVIDIA NvDLISR;C:\Program Files\dotnet;C:\Program Files\Crucial\Crucial Storage Executive;C:\Program Files (x86)\Microsoft SQL Server\150\DTS\Binn;C:\Program Files (x86)\Microsoft SQL Server\140\Tools\Binn;C:\Program Files\Microsoft SQL Server\140\Tools\Binn;C:\Program Files (x86)\Microsoft SQL Server\140\DTS\Binn;C:\Program Files\Microsoft SQL Server\140\DTS\Binn;C:\Program Files\Microsoft SQL Server\Client SDK\ODBC\130\Tools\Binn;C:\Program Files (x86)\NVIDIA Corporation\PhysX\Common;C:\xampp\php;C:\ProgramData\ComposerSetup\bin;C:\Program Files\Microsoft SQL Server\130\Tools\Binn;C:\Program Files\Microsoft SQL Server\Client SDK\ODBC\170\Tools\Binn;C:\Program Files\Git\cmd;C:\Program Files (x86)\Yarn\bin;C:\Program Files\nodejs;C:\Users\Chase\AppData\Local\Microsoft\WindowsApps;C:\Users\Chase\AppData\Local\Programs\Microsoft VS Code\bin;C:\Users\Chase\.dotnet\tools;C:\Users\Chase\AppData\Roaming\Composer\vendor\bin;C:\Users\Chase\AppData\Local\Programs\Fiddler;C:\Users\Chase\AppData\Local\Yarn\bin;C:\Users\Chase\AppData\Roaming\npm;C:\Program Files\Git\usr\bin\vendor_perl;C:\Program Files\Git\usr\bin\core_perl

Yarn version: 
  1.19.2

Node version: 
  12.13.1

Platform: 
  win32 x64

Trace: 
  Error: canceled
      at Interface.<anonymous> (C:\Program Files (x86)\Yarn\lib\cli.js:136846:13)
      at Interface.emit (events.js:210:5)
      at Interface._ttyWrite (readline.js:887:16)
      at ReadStream.onkeypress (readline.js:191:10)
      at ReadStream.emit (events.js:210:5)
      at emitKeys (internal/readline/utils.js:433:14)
      at emitKeys.next (<anonymous>)
      at ReadStream.onData (readline.js:1153:36)
      at ReadStream.emit (events.js:210:5)
      at addChunk (_stream_readable.js:309:12)

npm manifest: 
  {
    "name": "angular-ngrx-course",
    "version": "0.0.0",
    "license": "MIT",
    "scripts": {
      "ng": "ng",
      "start": "ng serve  --proxy-config ./proxy.json",
      "server": "ts-node -P ./server/server.tsconfig.json ./server/server.ts",
      "build": "ng build",
      "test": "ng test",
      "lint": "ng lint",
      "e2e": "ng e2e"
    },
    "private": true,
    "dependencies": {
      "@angular-devkit/schematics": "^8.0.0",
      "@angular/animations": "^8.0.2",
      "@angular/cdk": "^8.0.0",
      "@angular/common": "^8.0.2",
      "@angular/compiler": "^8.0.2",
      "@angular/core": "^8.0.2",
      "@angular/forms": "^8.0.2",
      "@angular/material": "^8.0.0",
      "@angular/material-moment-adapter": "^8.0.0",
      "@angular/platform-browser": "^8.0.2",
      "@angular/platform-browser-dynamic": "^8.0.2",
      "@angular/router": "^8.0.2",
      "@ngrx/data": "^8.0.1",
      "@ngrx/effects": "^8.0.1",
      "@ngrx/entity": "^8.0.1",
      "@ngrx/router-store": "^8.0.1",
      "@ngrx/store": "^8.0.1",
      "@ngrx/store-devtools": "^8.0.1",
      "body-parser": "^1.18.2",
      "core-js": "^2.4.1",
      "express": "^4.16.2",
      "hammerjs": "^2.0.8",
      "moment": "^2.22.2",
      "rxjs": "^6.3.3",
      "zone.js": "~0.9.1"
    },
    "devDependencies": {
      "@angular-devkit/build-angular": "~0.800.0",
      "@angular/cli": "^8.0.1",
      "@angular/compiler-cli": "^8.0.2",
      "@angular/language-service": "^8.0.2",
      "@ngrx/schematics": "^8.0.1",
      "@types/express": "^4.0.39",
      "@types/jasmine": "~2.5.53",
      "@types/jasminewd2": "~2.0.2",
      "@types/node": "~6.0.60",
      "codelyzer": "^5.0.1",
      "jasmine-core": "~2.6.2",
      "jasmine-spec-reporter": "~4.1.0",
      "karma": "^4.1.0",
      "karma-chrome-launcher": "~2.1.1",
      "karma-cli": "~1.0.1",
      "karma-coverage-istanbul-reporter": "^1.2.1",
      "karma-jasmine": "~1.1.0",
      "karma-jasmine-html-reporter": "^0.2.2",
      "protractor": "^6.0.0",
      "ts-node": "~3.2.0",
      "tslint": "~5.7.0",
      "typescript": "~3.4.5"
    }
  }

yarn manifest: 
  No manifest

Lockfile: 
  No lockfile
